<?xml version="1.0" encoding="UTF-8"?>
<!-- Generated by org.testng.reporters.JUnitReportReporter -->
<testsuite hostname="PS-WIN-LP-435" failures="0" tests="1" name="Automation.Demo.Test1" time="41.384" errors="0" timestamp="2022-11-18T23:39:52 IST" skipped="0">
  <testcase classname="Automation.Demo.Test1" name="task1" time="41.384"/>
  <system-out/>
</testsuite> <!-- Automation.Demo.Test1 -->
